TN:
SF:src/db/init.js
FN:21,(anonymous_0)
FN:22,(anonymous_1)
FN:23,(anonymous_2)
FN:56,(anonymous_3)
FN:64,(anonymous_4)
FNF:5
FNH:5
FNDA:2,(anonymous_0)
FNDA:2,(anonymous_1)
FNDA:2,(anonymous_2)
FNDA:2,(anonymous_3)
FNDA:17,(anonymous_4)
DA:6,2
DA:7,2
DA:8,2
DA:11,2
DA:12,2
DA:13,0
DA:16,2
DA:19,2
DA:21,2
DA:22,2
DA:23,2
DA:25,2
DA:38,2
DA:54,2
DA:56,2
DA:57,2
DA:58,2
DA:64,17
LF:18
LH:17
BRDA:12,0,0,0
BRDA:12,0,1,2
BRDA:57,1,0,0
BRDA:57,1,1,2
BRF:4
BRH:2
end_of_record
TN:
SF:src/middleware/collisionEngine.js
FN:15,rangesOverlap
FN:26,checkBoundary
FN:40,checkOverlaps
FN:62,validateDevicePlacement
FNF:4
FNH:4
FNDA:6,rangesOverlap
FNDA:7,checkBoundary
FNDA:3,checkOverlaps
FNDA:3,validateDevicePlacement
DA:16,6
DA:17,6
DA:18,6
DA:27,7
DA:28,1
DA:30,6
DA:31,6
DA:32,1
DA:34,5
DA:41,3
DA:43,3
DA:45,2
DA:47,2
DA:48,2
DA:55,1
DA:63,3
DA:64,3
DA:65,3
DA:68,3
DA:69,0
DA:70,0
DA:71,0
DA:73,0
DA:75,0
DA:76,0
DA:79,3
DA:80,0
DA:84,3
DA:85,3
DA:86,0
DA:90,3
DA:91,3
DA:92,0
DA:96,3
DA:97,3
DA:98,2
DA:101,1
DA:103,0
LF:38
LH:28
BRDA:18,0,0,6
BRDA:18,0,1,6
BRDA:27,1,0,1
BRDA:27,1,1,6
BRDA:31,2,0,1
BRDA:31,2,1,5
BRDA:40,3,0,3
BRDA:45,4,0,0
BRDA:45,4,1,2
BRDA:45,5,0,2
BRDA:45,5,1,0
BRDA:47,6,0,2
BRDA:47,6,1,0
BRDA:68,7,0,0
BRDA:68,7,1,3
BRDA:68,8,0,3
BRDA:68,8,1,0
BRDA:70,9,0,0
BRDA:70,9,1,0
BRDA:75,10,0,0
BRDA:75,10,1,0
BRDA:76,11,0,0
BRDA:76,11,1,0
BRDA:79,12,0,0
BRDA:79,12,1,3
BRDA:85,13,0,0
BRDA:85,13,1,3
BRDA:91,14,0,0
BRDA:91,14,1,3
BRDA:97,15,0,2
BRDA:97,15,1,1
BRF:31
BRH:17
end_of_record
TN:
SF:src/models/index.js
FN:5,(anonymous_0)
FN:6,(anonymous_1)
FN:13,(anonymous_2)
FN:20,(anonymous_3)
FN:21,(anonymous_4)
FN:22,(anonymous_5)
FN:29,(anonymous_6)
FN:30,(anonymous_7)
FN:31,(anonymous_8)
FN:40,(anonymous_9)
FN:41,(anonymous_10)
FN:49,(anonymous_11)
FN:56,(anonymous_12)
FN:57,(anonymous_13)
FN:58,(anonymous_14)
FN:70,(anonymous_15)
FN:71,(anonymous_16)
FN:72,(anonymous_17)
FN:76,(anonymous_18)
FN:88,(anonymous_19)
FN:89,(anonymous_20)
FN:102,(anonymous_21)
FN:109,(anonymous_22)
FN:110,(anonymous_23)
FN:111,(anonymous_24)
FNF:25
FNH:16
FNDA:2,(anonymous_0)
FNDA:2,(anonymous_1)
FNDA:2,(anonymous_2)
FNDA:3,(anonymous_3)
FNDA:3,(anonymous_4)
FNDA:3,(anonymous_5)
FNDA:1,(anonymous_6)
FNDA:1,(anonymous_7)
FNDA:1,(anonymous_8)
FNDA:1,(anonymous_9)
FNDA:1,(anonymous_10)
FNDA:1,(anonymous_11)
FNDA:0,(anonymous_12)
FNDA:0,(anonymous_13)
FNDA:0,(anonymous_14)
FNDA:10,(anonymous_15)
FNDA:10,(anonymous_16)
FNDA:10,(anonymous_17)
FNDA:18,(anonymous_18)
FNDA:0,(anonymous_19)
FNDA:0,(anonymous_20)
FNDA:0,(anonymous_21)
FNDA:0,(anonymous_22)
FNDA:0,(anonymous_23)
FNDA:0,(anonymous_24)
DA:6,2
DA:7,2
DA:8,2
DA:9,2
DA:13,2
DA:14,2
DA:15,2
DA:21,3
DA:22,3
DA:23,3
DA:24,3
DA:30,1
DA:31,1
DA:32,1
DA:33,1
DA:41,1
DA:42,1
DA:43,1
DA:44,1
DA:48,1
DA:49,1
DA:50,1
DA:51,1
DA:57,0
DA:58,0
DA:59,0
DA:61,0
DA:62,0
DA:64,0
DA:71,10
DA:72,10
DA:73,10
DA:75,10
DA:76,10
DA:77,18
DA:78,14
DA:82,10
DA:89,0
DA:90,0
DA:91,0
DA:101,0
DA:102,0
DA:103,0
DA:104,0
DA:110,0
DA:111,0
DA:112,0
DA:113,0
LF:48
LH:31
BRDA:13,0,0,2
BRDA:13,0,1,2
BRDA:13,1,0,2
BRDA:13,1,1,1
BRDA:14,2,0,0
BRDA:14,2,1,2
BRDA:23,3,0,0
BRDA:23,3,1,3
BRDA:32,4,0,0
BRDA:32,4,1,1
BRDA:33,5,0,1
BRDA:33,5,1,0
BRDA:48,6,0,0
BRDA:48,6,1,1
BRDA:50,7,0,0
BRDA:50,7,1,1
BRDA:59,8,0,0
BRDA:59,8,1,0
BRDA:61,9,0,0
BRDA:61,9,1,0
BRDA:61,10,0,0
BRDA:61,10,1,0
BRDA:73,11,0,0
BRDA:73,11,1,10
BRDA:75,12,0,10
BRDA:75,12,1,0
BRDA:77,13,0,14
BRDA:77,13,1,4
BRDA:82,14,0,10
BRDA:82,14,1,0
BRDA:101,15,0,0
BRDA:101,15,1,0
BRDA:103,16,0,0
BRDA:103,16,1,0
BRDA:112,17,0,0
BRDA:112,17,1,0
BRF:36
BRH:15
end_of_record
TN:
SF:src/routes/devices.js
FN:27,(anonymous_0)
FN:41,(anonymous_1)
FN:55,(anonymous_2)
FNF:3
FNH:1
FNDA:1,(anonymous_0)
FNDA:0,(anonymous_1)
FNDA:0,(anonymous_2)
DA:6,1
DA:9,1
DA:18,1
DA:27,1
DA:28,1
DA:29,1
DA:30,1
DA:31,1
DA:33,0
DA:34,0
DA:36,0
DA:41,1
DA:42,0
DA:43,0
DA:44,0
DA:45,0
DA:47,0
DA:48,0
DA:50,0
DA:55,1
DA:56,0
DA:57,0
DA:58,0
DA:60,0
LF:24
LH:10
BRDA:33,0,0,0
BRDA:33,0,1,0
BRDA:47,1,0,0
BRDA:47,1,1,0
BRF:4
BRH:0
end_of_record
TN:
SF:src/routes/racks.js
FN:16,(anonymous_0)
FN:20,(anonymous_1)
FN:35,(anonymous_2)
FN:49,(anonymous_3)
FNF:4
FNH:3
FNDA:1,(anonymous_0)
FNDA:7,(anonymous_1)
FNDA:0,(anonymous_2)
FNDA:3,(anonymous_3)
DA:5,1
DA:8,1
DA:16,1
DA:17,1
DA:18,1
DA:19,1
DA:21,7
DA:22,7
DA:28,1
DA:30,0
DA:35,1
DA:36,0
DA:37,0
DA:38,0
DA:39,0
DA:41,0
DA:42,0
DA:44,0
DA:49,1
DA:50,3
DA:51,3
DA:52,2
DA:53,2
DA:55,1
DA:56,1
DA:58,0
LF:26
LH:17
BRDA:38,0,0,0
BRDA:38,0,1,0
BRDA:55,1,0,1
BRDA:55,1,1,0
BRF:4
BRH:1
end_of_record
