{"/Users/slv/Projects/MySelf/RackOps/client/src/components/RackVisualizer.css": {"path":"/Users/slv/Projects/MySelf/RackOps/client/src/components/RackVisualizer.css","statementMap":{},"fnMap":{},"branchMap":{},"s":{},"f":{},"b":{},"meta":{"lastBranch":0,"lastFunction":0,"lastStatement":0,"seen":{}}}
,"/Users/slv/Projects/MySelf/RackOps/client/src/components/RackVisualizer.jsx": {"path":"/Users/slv/Projects/MySelf/RackOps/client/src/components/RackVisualizer.jsx","statementMap":{"0":{"start":{"line":5,"column":23},"end":{"line":5,"column":null}},"1":{"start":{"line":6,"column":27},"end":{"line":13,"column":null}},"2":{"start":{"line":16,"column":25},"end":{"line":16,"column":61}},"3":{"start":{"line":17,"column":19},"end":{"line":22,"column":4}},"4":{"start":{"line":25,"column":26},"end":{"line":25,"column":62}},"5":{"start":{"line":26,"column":21},"end":{"line":26,"column":49}},"6":{"start":{"line":27,"column":27},"end":{"line":27,"column":64}},"7":{"start":{"line":28,"column":31},"end":{"line":28,"column":72}},"8":{"start":{"line":29,"column":8},"end":{"line":29,"column":39}},"9":{"start":{"line":31,"column":23},"end":{"line":31,"column":null}},"10":{"start":{"line":33,"column":8},"end":{"line":38,"column":null}},"11":{"start":{"line":34,"column":28},"end":{"line":34,"column":null}},"12":{"start":{"line":35,"column":4},"end":{"line":38,"column":null}},"13":{"start":{"line":35,"column":25},"end":{"line":38,"column":7}},"14":{"start":{"line":41,"column":8},"end":{"line":45,"column":null}},"15":{"start":{"line":42,"column":4},"end":{"line":42,"column":null}},"16":{"start":{"line":43,"column":4},"end":{"line":43,"column":null}},"17":{"start":{"line":44,"column":4},"end":{"line":44,"column":null}},"18":{"start":{"line":45,"column":4},"end":{"line":45,"column":null}},"19":{"start":{"line":49,"column":8},"end":{"line":55,"column":null}},"20":{"start":{"line":50,"column":4},"end":{"line":50,"column":null}},"21":{"start":{"line":51,"column":4},"end":{"line":51,"column":null}},"22":{"start":{"line":52,"column":17},"end":{"line":52,"column":65}},"23":{"start":{"line":53,"column":19},"end":{"line":53,"column":null}},"24":{"start":{"line":54,"column":10},"end":{"line":54,"column":null}},"25":{"start":{"line":55,"column":4},"end":{"line":55,"column":null}},"26":{"start":{"line":58,"column":8},"end":{"line":87,"column":null}},"27":{"start":{"line":59,"column":4},"end":{"line":59,"column":null}},"28":{"start":{"line":59,"column":55},"end":{"line":59,"column":null}},"29":{"start":{"line":61,"column":26},"end":{"line":61,"column":74}},"30":{"start":{"line":61,"column":49},"end":{"line":61,"column":74}},"31":{"start":{"line":62,"column":4},"end":{"line":62,"column":null}},"32":{"start":{"line":62,"column":24},"end":{"line":62,"column":null}},"33":{"start":{"line":64,"column":17},"end":{"line":64,"column":65}},"34":{"start":{"line":65,"column":19},"end":{"line":65,"column":null}},"35":{"start":{"line":66,"column":24},"end":{"line":66,"column":null}},"36":{"start":{"line":69,"column":20},"end":{"line":69,"column":null}},"37":{"start":{"line":70,"column":4},"end":{"line":70,"column":null}},"38":{"start":{"line":72,"column":4},"end":{"line":72,"column":null}},"39":{"start":{"line":75,"column":25},"end":{"line":82,"column":null}},"40":{"start":{"line":76,"column":6},"end":{"line":76,"column":null}},"41":{"start":{"line":76,"column":41},"end":{"line":76,"column":null}},"42":{"start":{"line":78,"column":24},"end":{"line":78,"column":null}},"43":{"start":{"line":79,"column":26},"end":{"line":79,"column":null}},"44":{"start":{"line":81,"column":6},"end":{"line":81,"column":null}},"45":{"start":{"line":84,"column":4},"end":{"line":87,"column":null}},"46":{"start":{"line":85,"column":6},"end":{"line":85,"column":null}},"47":{"start":{"line":87,"column":6},"end":{"line":87,"column":null}},"48":{"start":{"line":91,"column":8},"end":{"line":108,"column":null}},"49":{"start":{"line":92,"column":4},"end":{"line":97,"column":null}},"50":{"start":{"line":93,"column":6},"end":{"line":93,"column":null}},"51":{"start":{"line":94,"column":6},"end":{"line":94,"column":null}},"52":{"start":{"line":95,"column":6},"end":{"line":95,"column":null}},"53":{"start":{"line":96,"column":6},"end":{"line":96,"column":null}},"54":{"start":{"line":97,"column":6},"end":{"line":97,"column":null}},"55":{"start":{"line":100,"column":26},"end":{"line":100,"column":74}},"56":{"start":{"line":100,"column":49},"end":{"line":100,"column":74}},"57":{"start":{"line":101,"column":4},"end":{"line":102,"column":null}},"58":{"start":{"line":102,"column":6},"end":{"line":102,"column":null}},"59":{"start":{"line":105,"column":4},"end":{"line":105,"column":null}},"60":{"start":{"line":106,"column":4},"end":{"line":106,"column":null}},"61":{"start":{"line":107,"column":4},"end":{"line":107,"column":null}},"62":{"start":{"line":108,"column":4},"end":{"line":108,"column":null}},"63":{"start":{"line":111,"column":2},"end":{"line":289,"column":null}},"64":{"start":{"line":119,"column":25},"end":{"line":119,"column":59}},"65":{"start":{"line":209,"column":12},"end":{"line":215,"column":null}},"66":{"start":{"line":227,"column":12},"end":{"line":236,"column":null}},"67":{"start":{"line":241,"column":35},"end":{"line":241,"column":null}},"68":{"start":{"line":242,"column":34},"end":{"line":242,"column":null}},"69":{"start":{"line":243,"column":18},"end":{"line":243,"column":null}},"70":{"start":{"line":244,"column":29},"end":{"line":244,"column":null}},"71":{"start":{"line":245,"column":31},"end":{"line":245,"column":null}},"72":{"start":{"line":246,"column":34},"end":{"line":246,"column":null}},"73":{"start":{"line":248,"column":12},"end":{"line":281,"column":null}},"74":{"start":{"line":261,"column":36},"end":{"line":261,"column":68}},"75":{"start":{"line":274,"column":37},"end":{"line":274,"column":62}}},"fnMap":{"0":{"name":"RackVisualizer","decl":{"start":{"line":15,"column":9},"end":{"line":15,"column":24}},"loc":{"start":{"line":15,"column":79},"end":{"line":289,"column":null}},"line":15},"1":{"name":"(anonymous_1)","decl":{"start":{"line":33,"column":8},"end":{"line":33,"column":29}},"loc":{"start":{"line":33,"column":35},"end":{"line":38,"column":null}},"line":33},"2":{"name":"(anonymous_2)","decl":{"start":{"line":35,"column":4},"end":{"line":35,"column":16}},"loc":{"start":{"line":35,"column":25},"end":{"line":38,"column":7}},"line":35},"3":{"name":"(anonymous_3)","decl":{"start":{"line":41,"column":8},"end":{"line":41,"column":27}},"loc":{"start":{"line":41,"column":33},"end":{"line":45,"column":null}},"line":41},"4":{"name":"(anonymous_4)","decl":{"start":{"line":49,"column":8},"end":{"line":49,"column":33}},"loc":{"start":{"line":49,"column":47},"end":{"line":55,"column":null}},"line":49},"5":{"name":"(anonymous_5)","decl":{"start":{"line":58,"column":8},"end":{"line":58,"column":27}},"loc":{"start":{"line":58,"column":33},"end":{"line":87,"column":null}},"line":58},"6":{"name":"(anonymous_6)","decl":{"start":{"line":61,"column":39},"end":{"line":61,"column":44}},"loc":{"start":{"line":61,"column":49},"end":{"line":61,"column":74}},"line":61},"7":{"name":"(anonymous_7)","decl":{"start":{"line":75,"column":38},"end":{"line":75,"column":43}},"loc":{"start":{"line":75,"column":53},"end":{"line":82,"column":null}},"line":75},"8":{"name":"(anonymous_8)","decl":{"start":{"line":91,"column":8},"end":{"line":91,"column":25}},"loc":{"start":{"line":91,"column":31},"end":{"line":108,"column":null}},"line":91},"9":{"name":"(anonymous_9)","decl":{"start":{"line":100,"column":39},"end":{"line":100,"column":44}},"loc":{"start":{"line":100,"column":49},"end":{"line":100,"column":74}},"line":100},"10":{"name":"(anonymous_10)","decl":{"start":{"line":119,"column":10},"end":{"line":119,"column":25}},"loc":{"start":{"line":119,"column":25},"end":{"line":119,"column":59}},"line":119},"11":{"name":"(anonymous_11)","decl":{"start":{"line":208,"column":46},"end":{"line":208,"column":49}},"loc":{"start":{"line":209,"column":12},"end":{"line":215,"column":null}},"line":209},"12":{"name":"(anonymous_12)","decl":{"start":{"line":226,"column":46},"end":{"line":226,"column":49}},"loc":{"start":{"line":227,"column":12},"end":{"line":236,"column":null}},"line":227},"13":{"name":"(anonymous_13)","decl":{"start":{"line":240,"column":24},"end":{"line":240,"column":28}},"loc":{"start":{"line":240,"column":38},"end":{"line":283,"column":null}},"line":240},"14":{"name":"(anonymous_14)","decl":{"start":{"line":261,"column":16},"end":{"line":261,"column":30}},"loc":{"start":{"line":261,"column":36},"end":{"line":261,"column":68}},"line":261},"15":{"name":"(anonymous_15)","decl":{"start":{"line":274,"column":22},"end":{"line":274,"column":37}},"loc":{"start":{"line":274,"column":37},"end":{"line":274,"column":62}},"line":274}},"branchMap":{"0":{"loc":{"start":{"line":37,"column":14},"end":{"line":37,"column":null}},"type":"cond-expr","locations":[{"start":{"line":37,"column":32},"end":{"line":37,"column":41}},{"start":{"line":37,"column":41},"end":{"line":37,"column":null}}],"line":37},"1":{"loc":{"start":{"line":37,"column":41},"end":{"line":37,"column":null}},"type":"cond-expr","locations":[{"start":{"line":37,"column":85},"end":{"line":37,"column":100}},{"start":{"line":37,"column":103},"end":{"line":37,"column":null}}],"line":37},"2":{"loc":{"start":{"line":37,"column":41},"end":{"line":37,"column":85}},"type":"binary-expr","locations":[{"start":{"line":37,"column":41},"end":{"line":37,"column":63}},{"start":{"line":37,"column":63},"end":{"line":37,"column":85}}],"line":37},"3":{"loc":{"start":{"line":59,"column":4},"end":{"line":59,"column":null}},"type":"if","locations":[{"start":{"line":59,"column":4},"end":{"line":59,"column":null}},{"start":{},"end":{}}],"line":59},"4":{"loc":{"start":{"line":59,"column":8},"end":{"line":59,"column":55}},"type":"binary-expr","locations":[{"start":{"line":59,"column":8},"end":{"line":59,"column":28}},{"start":{"line":59,"column":28},"end":{"line":59,"column":55}}],"line":59},"5":{"loc":{"start":{"line":62,"column":4},"end":{"line":62,"column":null}},"type":"if","locations":[{"start":{"line":62,"column":4},"end":{"line":62,"column":null}},{"start":{},"end":{}}],"line":62},"6":{"loc":{"start":{"line":76,"column":6},"end":{"line":76,"column":null}},"type":"if","locations":[{"start":{"line":76,"column":6},"end":{"line":76,"column":null}},{"start":{},"end":{}}],"line":76},"7":{"loc":{"start":{"line":81,"column":15},"end":{"line":81,"column":null}},"type":"binary-expr","locations":[{"start":{"line":81,"column":15},"end":{"line":81,"column":40}},{"start":{"line":81,"column":40},"end":{"line":81,"column":null}}],"line":81},"8":{"loc":{"start":{"line":84,"column":4},"end":{"line":87,"column":null}},"type":"if","locations":[{"start":{"line":84,"column":4},"end":{"line":87,"column":null}},{"start":{"line":86,"column":11},"end":{"line":87,"column":null}}],"line":84},"9":{"loc":{"start":{"line":92,"column":4},"end":{"line":97,"column":null}},"type":"if","locations":[{"start":{"line":92,"column":4},"end":{"line":97,"column":null}},{"start":{},"end":{}}],"line":92},"10":{"loc":{"start":{"line":92,"column":8},"end":{"line":92,"column":55}},"type":"binary-expr","locations":[{"start":{"line":92,"column":8},"end":{"line":92,"column":28}},{"start":{"line":92,"column":28},"end":{"line":92,"column":55}}],"line":92},"11":{"loc":{"start":{"line":101,"column":4},"end":{"line":102,"column":null}},"type":"if","locations":[{"start":{"line":101,"column":4},"end":{"line":102,"column":null}},{"start":{},"end":{}}],"line":101},"12":{"loc":{"start":{"line":101,"column":8},"end":{"line":101,"column":94}},"type":"binary-expr","locations":[{"start":{"line":101,"column":8},"end":{"line":101,"column":25}},{"start":{"line":101,"column":25},"end":{"line":101,"column":71}},{"start":{"line":101,"column":71},"end":{"line":101,"column":94}}],"line":101},"13":{"loc":{"start":{"line":116,"column":63},"end":{"line":116,"column":null}},"type":"binary-expr","locations":[{"start":{"line":116,"column":63},"end":{"line":116,"column":80}},{"start":{"line":116,"column":80},"end":{"line":116,"column":null}}],"line":116},"14":{"loc":{"start":{"line":128,"column":7},"end":{"line":189,"column":null}},"type":"binary-expr","locations":[{"start":{"line":128,"column":7},"end":{"line":128,"column":null}},{"start":{"line":129,"column":8},"end":{"line":189,"column":null}}],"line":128},"15":{"loc":{"start":{"line":193,"column":7},"end":{"line":195,"column":null}},"type":"binary-expr","locations":[{"start":{"line":193,"column":7},"end":{"line":193,"column":null}},{"start":{"line":194,"column":8},"end":{"line":195,"column":null}}],"line":193},"16":{"loc":{"start":{"line":242,"column":34},"end":{"line":242,"column":null}},"type":"cond-expr","locations":[{"start":{"line":242,"column":80},"end":{"line":242,"column":99}},{"start":{"line":242,"column":99},"end":{"line":242,"column":null}}],"line":242},"17":{"loc":{"start":{"line":242,"column":34},"end":{"line":242,"column":80}},"type":"binary-expr","locations":[{"start":{"line":242,"column":34},"end":{"line":242,"column":52}},{"start":{"line":242,"column":52},"end":{"line":242,"column":80}}],"line":242},"18":{"loc":{"start":{"line":245,"column":31},"end":{"line":245,"column":null}},"type":"binary-expr","locations":[{"start":{"line":245,"column":31},"end":{"line":245,"column":66}},{"start":{"line":245,"column":66},"end":{"line":245,"column":null}}],"line":245},"19":{"loc":{"start":{"line":252,"column":18},"end":{"line":252,"column":null}},"type":"cond-expr","locations":[{"start":{"line":252,"column":35},"end":{"line":252,"column":72}},{"start":{"line":252,"column":72},"end":{"line":252,"column":null}}],"line":252},"20":{"loc":{"start":{"line":253,"column":20},"end":{"line":253,"column":null}},"type":"cond-expr","locations":[{"start":{"line":253,"column":55},"end":{"line":253,"column":70}},{"start":{"line":253,"column":70},"end":{"line":253,"column":null}}],"line":253},"21":{"loc":{"start":{"line":253,"column":20},"end":{"line":253,"column":55}},"type":"binary-expr","locations":[{"start":{"line":253,"column":20},"end":{"line":253,"column":37}},{"start":{"line":253,"column":37},"end":{"line":253,"column":55}}],"line":253},"22":{"loc":{"start":{"line":267,"column":21},"end":{"line":268,"column":null}},"type":"binary-expr","locations":[{"start":{"line":267,"column":21},"end":{"line":267,"column":null}},{"start":{"line":268,"column":22},"end":{"line":268,"column":null}}],"line":267},"23":{"loc":{"start":{"line":288,"column":7},"end":{"line":289,"column":null}},"type":"binary-expr","locations":[{"start":{"line":288,"column":7},"end":{"line":288,"column":null}},{"start":{"line":289,"column":8},"end":{"line":289,"column":null}}],"line":288}},"s":{"0":1,"1":1,"2":3,"3":3,"4":3,"5":3,"6":3,"7":3,"8":3,"9":3,"10":3,"11":0,"12":0,"13":0,"14":3,"15":0,"16":0,"17":0,"18":0,"19":3,"20":0,"21":0,"22":0,"23":0,"24":0,"25":0,"26":3,"27":0,"28":0,"29":0,"30":0,"31":0,"32":0,"33":0,"34":0,"35":0,"36":0,"37":0,"38":0,"39":0,"40":0,"41":0,"42":0,"43":0,"44":0,"45":0,"46":0,"47":0,"48":3,"49":0,"50":0,"51":0,"52":0,"53":0,"54":0,"55":0,"56":0,"57":0,"58":0,"59":0,"60":0,"61":0,"62":0,"63":3,"64":0,"65":126,"66":126,"67":6,"68":6,"69":6,"70":6,"71":6,"72":6,"73":6,"74":0,"75":0},"f":{"0":3,"1":0,"2":0,"3":0,"4":0,"5":0,"6":0,"7":0,"8":0,"9":0,"10":0,"11":126,"12":126,"13":6,"14":0,"15":0},"b":{"0":[0,0],"1":[0,0],"2":[0,0],"3":[0,0],"4":[0,0],"5":[0,0],"6":[0,0],"7":[0,0],"8":[0,0],"9":[0,0],"10":[0,0],"11":[0,0],"12":[0,0,0],"13":[3,0],"14":[3,0],"15":[3,0],"16":[0,6],"17":[6,0],"18":[6,0],"19":[0,6],"20":[0,6],"21":[6,0],"22":[6,3],"23":[3,0]},"meta":{"lastBranch":24,"lastFunction":16,"lastStatement":76,"seen":{"s:5:23:5:Infinity":0,"s:6:27:13:Infinity":1,"f:15:9:15:24":0,"s:16:25:16:61":2,"s:17:19:22:4":3,"s:25:26:25:62":4,"s:26:21:26:49":5,"s:27:27:27:64":6,"s:28:31:28:72":7,"s:29:8:29:39":8,"s:31:23:31:Infinity":9,"s:33:8:38:Infinity":10,"f:33:8:33:29":1,"s:34:28:34:Infinity":11,"s:35:4:38:Infinity":12,"f:35:4:35:16":2,"s:35:25:38:7":13,"b:37:32:37:41:37:41:37:Infinity":0,"b:37:85:37:100:37:103:37:Infinity":1,"b:37:41:37:63:37:63:37:85":2,"s:41:8:45:Infinity":14,"f:41:8:41:27":3,"s:42:4:42:Infinity":15,"s:43:4:43:Infinity":16,"s:44:4:44:Infinity":17,"s:45:4:45:Infinity":18,"s:49:8:55:Infinity":19,"f:49:8:49:33":4,"s:50:4:50:Infinity":20,"s:51:4:51:Infinity":21,"s:52:17:52:65":22,"s:53:19:53:Infinity":23,"s:54:10:54:Infinity":24,"s:55:4:55:Infinity":25,"s:58:8:87:Infinity":26,"f:58:8:58:27":5,"b:59:4:59:Infinity:undefined:undefined:undefined:undefined":3,"s:59:4:59:Infinity":27,"b:59:8:59:28:59:28:59:55":4,"s:59:55:59:Infinity":28,"s:61:26:61:74":29,"f:61:39:61:44":6,"s:61:49:61:74":30,"b:62:4:62:Infinity:undefined:undefined:undefined:undefined":5,"s:62:4:62:Infinity":31,"s:62:24:62:Infinity":32,"s:64:17:64:65":33,"s:65:19:65:Infinity":34,"s:66:24:66:Infinity":35,"s:69:20:69:Infinity":36,"s:70:4:70:Infinity":37,"s:72:4:72:Infinity":38,"s:75:25:82:Infinity":39,"f:75:38:75:43":7,"b:76:6:76:Infinity:undefined:undefined:undefined:undefined":6,"s:76:6:76:Infinity":40,"s:76:41:76:Infinity":41,"s:78:24:78:Infinity":42,"s:79:26:79:Infinity":43,"s:81:6:81:Infinity":44,"b:81:15:81:40:81:40:81:Infinity":7,"b:84:4:87:Infinity:86:11:87:Infinity":8,"s:84:4:87:Infinity":45,"s:85:6:85:Infinity":46,"s:87:6:87:Infinity":47,"s:91:8:108:Infinity":48,"f:91:8:91:25":8,"b:92:4:97:Infinity:undefined:undefined:undefined:undefined":9,"s:92:4:97:Infinity":49,"b:92:8:92:28:92:28:92:55":10,"s:93:6:93:Infinity":50,"s:94:6:94:Infinity":51,"s:95:6:95:Infinity":52,"s:96:6:96:Infinity":53,"s:97:6:97:Infinity":54,"s:100:26:100:74":55,"f:100:39:100:44":9,"s:100:49:100:74":56,"b:101:4:102:Infinity:undefined:undefined:undefined:undefined":11,"s:101:4:102:Infinity":57,"b:101:8:101:25:101:25:101:71:101:71:101:94":12,"s:102:6:102:Infinity":58,"s:105:4:105:Infinity":59,"s:106:4:106:Infinity":60,"s:107:4:107:Infinity":61,"s:108:4:108:Infinity":62,"s:111:2:289:Infinity":63,"b:116:63:116:80:116:80:116:Infinity":13,"f:119:10:119:25":10,"s:119:25:119:59":64,"b:128:7:128:Infinity:129:8:189:Infinity":14,"b:193:7:193:Infinity:194:8:195:Infinity":15,"f:208:46:208:49":11,"s:209:12:215:Infinity":65,"f:226:46:226:49":12,"s:227:12:236:Infinity":66,"f:240:24:240:28":13,"s:241:35:241:Infinity":67,"s:242:34:242:Infinity":68,"b:242:80:242:99:242:99:242:Infinity":16,"b:242:34:242:52:242:52:242:80":17,"s:243:18:243:Infinity":69,"s:244:29:244:Infinity":70,"s:245:31:245:Infinity":71,"b:245:31:245:66:245:66:245:Infinity":18,"s:246:34:246:Infinity":72,"s:248:12:281:Infinity":73,"b:252:35:252:72:252:72:252:Infinity":19,"b:253:55:253:70:253:70:253:Infinity":20,"b:253:20:253:37:253:37:253:55":21,"f:261:16:261:30":14,"s:261:36:261:68":74,"b:267:21:267:Infinity:268:22:268:Infinity":22,"f:274:22:274:37":15,"s:274:37:274:62":75,"b:288:7:288:Infinity:289:8:289:Infinity":23}}}
}
